usage: jupyter-lab [-h] [--debug] [--show-config] [--show-config-json]
                   [--generate-config] [-y] [--allow-root] [--no-browser]
                   [--autoreload] [--script] [--no-script] [--core-mode]
                   [--dev-mode] [--skip-dev-build] [--splice-source]
                   [--expose-app-in-browser] [--extensions-in-dev-mode]
                   [--collaborative] [--custom-css]
                   [--log-level ServerApp.log_level]
                   [--config ServerApp.config_file] [--ip ServerApp.ip]
                   [--port ServerApp.port]
                   [--port-retries ServerApp.port_retries]
                   [--sock ServerApp.sock] [--sock-mode ServerApp.sock_mode]
                   [--transport KernelManager.transport]
                   [--keyfile ServerApp.keyfile]
                   [--certfile ServerApp.certfile]
                   [--client-ca ServerApp.client_ca]
                   [--notebook-dir ServerApp.root_dir]
                   [--preferred-dir ServerApp.preferred_dir]
                   [--browser ServerApp.browser] [--pylab ServerApp.pylab]
                   [--gateway-url GatewayClient.url] [--watch [LabApp.watch]]
                   [--app-dir LabApp.app_dir]
                   [extra_args ...]
jupyter-lab: error: argument --ServerApp.port: expected one argument
Traceback (most recent call last):
  File "/usr/local/apps/jupyter/conda/envs/5.7.2/bin/jupyter-lab", line 6, in <module>
    from jupyterlab.labapp import main
  File "/usr/local/apps/jupyter/conda/envs/5.7.2/lib/python3.11/site-packages/jupyterlab/__init__.py", line 7, in <module>
    from .serverextension import load_jupyter_server_extension  # noqa
    ^^^^^^^^^^^^^^^^^^^^^^^^^^^^^^^^^^^^^^^^^^^^^^^^^^^^^^^^^^
  File "/usr/local/apps/jupyter/conda/envs/5.7.2/lib/python3.11/site-packages/jupyterlab/serverextension.py", line 4, in <module>
    from jupyter_server.utils import url_path_join
  File "/usr/local/apps/jupyter/conda/envs/5.7.2/lib/python3.11/site-packages/jupyter_server/utils.py", line 32, in <module>
    from tornado.httpclient import AsyncHTTPClient, HTTPClient, HTTPRequest, HTTPResponse
  File "/usr/local/apps/jupyter/conda/envs/5.7.2/lib/python3.11/site-packages/tornado/httpclient.py", line 46, in <module>
    from tornado.concurrent import (
  File "/usr/local/apps/jupyter/conda/envs/5.7.2/lib/python3.11/site-packages/tornado/concurrent.py", line 34, in <module>
    from tornado.log import app_log
  File "/usr/local/apps/jupyter/conda/envs/5.7.2/lib/python3.11/site-packages/tornado/log.py", line 31, in <module>
    import logging.handlers
  File "/usr/local/apps/jupyter/conda/envs/5.7.2/lib/python3.11/logging/handlers.py", line 26, in <module>
    import io, logging, socket, os, pickle, struct, time, re
  File "/usr/local/apps/jupyter/conda/envs/5.7.2/lib/python3.11/pickle.py", line 43, in <module>
    from _pickle import PickleBuffer
KeyboardInterrupt
[I 2025-03-28 08:53:37.089 ServerApp] ipyparallel | extension was successfully linked.
[I 2025-03-28 08:53:37.089 ServerApp] jupyter_lsp | extension was successfully linked.
[I 2025-03-28 08:53:37.091 ServerApp] jupyter_server_mathjax | extension was successfully linked.
[I 2025-03-28 08:53:37.091 ServerApp] jupyter_server_proxy | extension was successfully linked.
[I 2025-03-28 08:53:37.094 ServerApp] jupyter_server_terminals | extension was successfully linked.
[I 2025-03-28 08:53:37.096 ServerApp] jupyterlab | extension was successfully linked.
[I 2025-03-28 08:53:37.096 ServerApp] jupyterlab_git | extension was successfully linked.
[I 2025-03-28 08:53:37.097 ServerApp] jupyterlab_jupytext | extension was successfully linked.
[I 2025-03-28 08:53:37.097 ServerApp] nbdime | extension was successfully linked.
[I 2025-03-28 08:53:37.100 ServerApp] notebook | extension was successfully linked.
[I 2025-03-28 08:53:37.121 ServerApp] notebook_shim | extension was successfully linked.
[I 2025-03-28 08:53:37.195 ServerApp] notebook_shim | extension was successfully loaded.
[I 2025-03-28 08:53:37.205 ServerApp] Loading IPython parallel extension
[I 2025-03-28 08:53:37.205 ServerApp] ipyparallel | extension was successfully loaded.
[I 2025-03-28 08:53:37.207 ServerApp] jupyter_lsp | extension was successfully loaded.
[I 2025-03-28 08:53:37.207 ServerApp] jupyter_server_mathjax | extension was successfully loaded.
INFO:MATLABProxyApp:Initializing Jupyter MATLAB Proxy
[I 2025-03-28 08:53:37.346 ServerApp] jupyter_server_proxy | extension was successfully loaded.
[I 2025-03-28 08:53:37.346 ServerApp] jupyter_server_terminals | extension was successfully loaded.
[I 2025-03-28 08:53:37.375 LabApp] JupyterLab extension loaded from /usr/local/apps/jupyter/conda/envs/5.7.2/lib/python3.11/site-packages/jupyterlab
[I 2025-03-28 08:53:37.375 LabApp] JupyterLab application directory is /usr/local/apps/jupyter/conda/envs/5.7.2/share/jupyter/lab
[I 2025-03-28 08:53:37.376 LabApp] Extension Manager is 'pypi'.
[I 2025-03-28 08:53:37.395 LabApp] Extensions will be fetched using proxy, proxy host and port: ('dtn18-e0', '3128')
[I 2025-03-28 08:53:37.397 ServerApp] jupyterlab | extension was successfully loaded.
[I 2025-03-28 08:53:37.401 ServerApp] jupyterlab_git | extension was successfully loaded.
[W 2025-03-28 08:53:37.401 ServerApp] [Jupytext Server Extension] Async contents managers like AsyncLargeFileManager are not supported at the moment (https://github.com/mwouts/jupytext/issues/1020). We will derive a contents manager from LargeFileManager instead.
[I 2025-03-28 08:53:37.401 ServerApp] [Jupytext Server Extension] Deriving a JupytextContentsManager from LargeFileManager
[I 2025-03-28 08:53:37.401 ServerApp] jupyterlab_jupytext | extension was successfully loaded.
[I 2025-03-28 08:53:37.639 ServerApp] nbdime | extension was successfully loaded.
[I 2025-03-28 08:53:37.654 ServerApp] notebook | extension was successfully loaded.
[I 2025-03-28 08:53:37.655 ServerApp] Serving notebooks from local directory: /spin1/home/linux/inouey2/drGAT/Tuning_nci
[I 2025-03-28 08:53:37.655 ServerApp] Jupyter Server 2.14.1 is running at:
[I 2025-03-28 08:53:37.655 ServerApp] http://localhost:36081/lab?token=4622e57db5300d0041aec8d6eb1da41ab721c055cc58f57c
[I 2025-03-28 08:53:37.655 ServerApp]     http://127.0.0.1:36081/lab?token=4622e57db5300d0041aec8d6eb1da41ab721c055cc58f57c
[I 2025-03-28 08:53:37.655 ServerApp] Use Control-C to stop this server and shut down all kernels (twice to skip confirmation).
[W 2025-03-28 08:53:37.666 ServerApp] No web browser found: Error('could not locate runnable browser').
[C 2025-03-28 08:53:37.666 ServerApp] 
    
    To access the server, open this file in a browser:
        file:///spin1/home/linux/inouey2/.local/share/jupyter/runtime/jpserver-3837428-open.html
    Or copy and paste one of these URLs:
        http://localhost:36081/lab?token=4622e57db5300d0041aec8d6eb1da41ab721c055cc58f57c
        http://127.0.0.1:36081/lab?token=4622e57db5300d0041aec8d6eb1da41ab721c055cc58f57c
[I 2025-03-28 08:53:37.708 ServerApp] Skipped non-installed server(s): bash-language-server, dockerfile-language-server-nodejs, javascript-typescript-langserver, jedi-language-server, julia-language-server, pyright, python-language-server, r-languageserver, sql-language-server, texlab, typescript-language-server, unified-language-server, vscode-css-languageserver-bin, vscode-html-languageserver-bin, vscode-json-languageserver-bin, yaml-language-server
